2022-12-26 14:31:25,449 INFO The value of x 45
2022-12-26 14:31:25,449 INFO square x = 2.4806364445134117e+74
2022-12-26 14:31:30,572 INFO The value of x sd
2022-12-26 14:31:30,573 ERROR ValueError
2022-12-26 14:31:34,619 INFO The value of x 67g
2022-12-26 14:31:34,619 ERROR ValueError
2022-12-26 14:31:38,690 INFO The value of x 4567
2022-12-26 14:31:58,941 INFO The value of x 34
2022-12-26 14:31:58,941 INFO square x = 1.1756638905368616e+52
2022-12-26 14:32:03,716 INFO The value of x 35
2022-12-26 14:32:03,716 INFO square x = 1.1025074993541487e+54
2022-12-26 14:32:08,660 INFO The value of x 100
2022-12-26 14:32:08,660 INFO square x = 1e+200
2022-12-26 14:32:13,959 INFO The value of x 1000
2022-12-26 14:33:11,738 INFO The value of x 2424.46789
2022-12-26 14:33:19,963 INFO The value of x 12.3456789
2022-12-26 14:33:19,963 INFO square x = 29887763820289.152
2022-12-26 14:33:30,028 INFO The value of x 500
2022-12-26 14:33:35,060 INFO The value of x 400
2022-12-26 14:33:47,925 INFO The value of x 200
2022-12-26 14:33:59,590 INFO The value of x 150
2022-12-26 14:34:04,944 INFO The value of x 130
2022-12-26 14:34:04,945 INFO square x = 6.495847189879201e+274
2022-12-26 14:34:09,099 INFO The value of x 140
2022-12-26 14:34:09,100 INFO square x = 2.870284825233255e+300
2022-12-26 14:34:13,696 INFO The value of x 145
2022-12-26 14:34:16,962 INFO The value of x 144
2022-12-26 14:34:20,914 INFO The value of x 143
2022-12-26 14:34:20,914 INFO square x = 1.6332525972973913e+308
2022-12-26 14:34:27,440 INFO The value of x 144
2022-12-26 14:34:49,155 INFO The value of x 144
2022-12-26 14:34:53,647 INFO The value of x 143
2022-12-26 14:34:53,647 INFO square x = 1.6332525972973913e+308
2022-12-26 14:37:09,441 INFO The value of x 144
2022-12-26 14:37:15,963 INFO The value of x 143
2022-12-26 14:37:15,963 INFO square x = 1.6332525972973913e+308
2022-12-26 14:37:24,541 INFO The value of x -143
2022-12-26 14:37:24,541 INFO square x = -6.12275162858911e-309
2022-12-26 14:37:40,184 INFO The value of x -144
2022-12-26 14:37:40,184 INFO square x = 1.569643906054e-311
2022-12-26 14:37:49,063 INFO The value of x -145
2022-12-26 14:37:49,063 INFO square x = -3.996130625e-314
2022-12-26 14:37:56,842 INFO The value of x 144
2022-12-26 14:38:04,787 INFO The value of x -2000
2022-12-26 14:38:04,787 INFO square x = 0.0
2022-12-26 14:38:13,490 INFO The value of x -121345
2022-12-26 14:38:13,490 INFO square x = -0.0
2022-12-26 14:38:19,654 INFO The value of x 13234565678980
2022-12-26 14:46:04,582 INFO The value of x 1234567897654
2022-12-26 14:46:04,582 ERROR OverflowError
2022-12-26 14:46:43,780 INFO The value of x 1232145325463
2022-12-26 14:46:43,781 ERROR OverflowError
2022-12-26 14:47:07,444 INFO The value of x 1213
2022-12-26 14:47:07,444 ERROR OverflowError
2022-12-26 15:33:41,973 INFO The value of x 3456
2022-12-26 15:33:41,973 INFO square x = 11943936.0
2022-12-26 15:33:59,865 INFO The value of x sdffhj
2022-12-26 15:33:59,865 ERROR ValueError
2022-12-26 22:56:26,647 INFO The value of x 12
2022-12-26 22:56:26,647 INFO square x = 144.0
2022-12-26 22:56:45,903 INFO The value of x fef
2022-12-26 22:56:45,903 ERROR ValueError
